Build started 9/10/2015 12:14:27 PM.
     1>Project "K:\New folder\2015\DataStruc\FractionFract\FractionFract\FractionFract.vcxproj" on node 2 (Rebuild target(s)).
     1>ClCompile:
         C:\Program Files (x86)\Microsoft Visual Studio 12.0\VC\bin\CL.exe /c /ZI /nologo /W3 /WX- /sdl /Od /Oy- /D WIN32 /D _DEBUG /D _CONSOLE /D _LIB /D _UNICODE /D UNICODE /Gm /EHsc /RTC1 /MDd /GS /fp:precise /Zc:wchar_t /Zc:forScope /Fo"Debug\\" /Fd"Debug\vc120.pdb" /Gd /TP /analyze- /errorReport:prompt Fraction.cpp TestDriver.cpp
         TestDriver.cpp
     1>k:\new folder\2015\datastruc\fractionfract\fractionfract\testdriver.cpp(11): warning C4101: 'myfraction' : unreferenced local variable
         Fraction.cpp
         Generating Code...
     1>k:\new folder\2015\datastruc\fractionfract\fractionfract\fraction.cpp(40): error C4716: 'FractionType::ConvertToPropper' : must return a value
     1>Done Building Project "K:\New folder\2015\DataStruc\FractionFract\FractionFract\FractionFract.vcxproj" (Rebuild target(s)) -- FAILED.

Build FAILED.

Time Elapsed 00:00:01.17
